Using pre-set license
Built from '2020.3/staging' branch; Version is '2020.3.11f1 (99c7afb366b3) revision 10078127'; Using compiler version '192528614'; Build Type 'Release'
OS: 'Windows 10 Pro; OS build 19042.1110; Version 2009; 64bit' Language: 'en' Physical Memory: 16216 MB
BatchMode: 1, IsHumanControllingUs: 0, StartBugReporterOnCrash: 0, Is64bit: 1, IsPro: 0

 COMMAND LINE ARGUMENTS:
C:\Program Files\Unity\Hub\Editor\2020.3.11f1\Editor\Unity.exe
-adb2
-batchMode
-noUpm
-name
AssetImportWorker0
-projectPath
C:/Users/tea.dogandzic/Desktop/Backup kompa/Repos/Unity2D/Tile_Vania/TileVania
-logFile
Logs/AssetImportWorker0.log
-srvPort
57940
Successfully changed project path to: C:/Users/tea.dogandzic/Desktop/Backup kompa/Repos/Unity2D/Tile_Vania/TileVania
C:/Users/tea.dogandzic/Desktop/Backup kompa/Repos/Unity2D/Tile_Vania/TileVania
Using Asset Import Pipeline V2.
Refreshing native plugins compatible for Editor in 66.26 ms, found 3 plugins.
Preloading 0 native plugins for Editor in 0.00 ms.
Initialize engine version: 2020.3.11f1 (99c7afb366b3)
[Subsystems] Discovering subsystems at path C:/Program Files/Unity/Hub/Editor/2020.3.11f1/Editor/Data/Resources/UnitySubsystems
[Subsystems] Discovering subsystems at path C:/Users/tea.dogandzic/Desktop/Backup kompa/Repos/Unity2D/Tile_Vania/TileVania/Assets
GfxDevice: creating device client; threaded=0
Direct3D:
    Version:  Direct3D 11.0 [level 11.1]
    Renderer: Intel(R) UHD Graphics 620 (ID=0x5917)
    Vendor:   
    VRAM:     8108 MB
    Driver:   27.20.100.8681
Initialize mono
Mono path[0] = 'C:/Program Files/Unity/Hub/Editor/2020.3.11f1/Editor/Data/Managed'
Mono path[1] = 'C:/Program Files/Unity/Hub/Editor/2020.3.11f1/Editor/Data/MonoBleedingEdge/lib/mono/unityjit'
Mono config path = 'C:/Program Files/Unity/Hub/Editor/2020.3.11f1/Editor/Data/MonoBleedingEdge/etc'
Using monoOptions --debugger-agent=transport=dt_socket,embedding=1,server=y,suspend=n,address=127.0.0.1:56192
Begin MonoManager ReloadAssembly
Registering precompiled unity dll's ...
Register platform support module: C:/Program Files/Unity/Hub/Editor/2020.3.11f1/Editor/Data/PlaybackEngines/WebGLSupport/UnityEditor.WebGL.Extensions.dll
Register platform support module: C:/Program Files/Unity/Hub/Editor/2020.3.11f1/Editor/Data/PlaybackEngines/WindowsStandaloneSupport/UnityEditor.WindowsStandalone.Extensions.dll
Registered in 0.003967 seconds.
Native extension for WindowsStandalone target not found
Native extension for WebGL target not found
Refreshing native plugins compatible for Editor in 64.57 ms, found 3 plugins.
Preloading 0 native plugins for Editor in 0.00 ms.
Mono: successfully reloaded assembly
- Completed reload, in  3.036 seconds
Platform modules already initialized, skipping
Registering precompiled user dll's ...
Registered in 0.006387 seconds.
Begin MonoManager ReloadAssembly
Native extension for WindowsStandalone target not found
Native extension for WebGL target not found
Refreshing native plugins compatible for Editor in 66.36 ms, found 3 plugins.
Preloading 0 native plugins for Editor in 0.00 ms.
Mono: successfully reloaded assembly
- Completed reload, in  1.690 seconds
Platform modules already initialized, skipping
========================================================================
Worker process is ready to serve import requests
Launched and connected shader compiler UnityShaderCompiler.exe after 0.09 seconds
Refreshing native plugins compatible for Editor in 1.52 ms, found 3 plugins.
Preloading 0 native plugins for Editor in 0.00 ms.
Unloading 2386 Unused Serialized files (Serialized files now loaded: 0)
System memory in use before: 116.8 MB.
System memory in use after: 116.7 MB.

Unloading 30 unused Assets to reduce memory usage. Loaded Objects now: 2845.
Total: 9.018200 ms (FindLiveObjects: 0.716500 ms CreateObjectMapping: 0.304200 ms MarkObjects: 7.162400 ms  DeleteObjects: 0.832500 ms)

========================================================================
Received Import Request.
  path: Assets/Levels/Level 1.unity
  artifactKey: Guid(2cda990e2423bbf4892e6590ba056729) Importer(815301076,1909f56bfc062723c751e8b465ee728b)
Start importing Assets/Levels/Level 1.unity using Guid(2cda990e2423bbf4892e6590ba056729) Importer(815301076,1909f56bfc062723c751e8b465ee728b)  -> (artifact id: '271892ff3e2e7ae55b92c248c92c75ae') in 0.046200 seconds
  Import took 0.059478 seconds .

========================================================================
Received Prepare
Registering precompiled user dll's ...
Registered in 0.010692 seconds.
Begin MonoManager ReloadAssembly
Native extension for WindowsStandalone target not found
Native extension for WebGL target not found
Refreshing native plugins compatible for Editor in 1.11 ms, found 3 plugins.
Preloading 0 native plugins for Editor in 0.00 ms.
Mono: successfully reloaded assembly
- Completed reload, in  2.647 seconds
Platform modules already initialized, skipping
Refreshing native plugins compatible for Editor in 0.86 ms, found 3 plugins.
Preloading 0 native plugins for Editor in 0.00 ms.
Unloading 2354 Unused Serialized files (Serialized files now loaded: 0)
System memory in use before: 114.2 MB.
System memory in use after: 114.1 MB.

Unloading 19 unused Assets to reduce memory usage. Loaded Objects now: 2848.
Total: 4.945200 ms (FindLiveObjects: 0.403500 ms CreateObjectMapping: 0.196500 ms MarkObjects: 3.908900 ms  DeleteObjects: 0.434600 ms)

========================================================================
Received Import Request.
  Time since last request: 834.465519 seconds.
  path: Assets/Levels/Level 2.unity
  artifactKey: Guid(9e7be82561c37954ca8132c2a9382ec4) Importer(815301076,1909f56bfc062723c751e8b465ee728b)
Start importing Assets/Levels/Level 2.unity using Guid(9e7be82561c37954ca8132c2a9382ec4) Importer(815301076,1909f56bfc062723c751e8b465ee728b)  -> (artifact id: 'f86a839b1df0823519b9c80d64252e25') in 0.020234 seconds
  Import took 0.026555 seconds .

========================================================================
Received Prepare
Registering precompiled user dll's ...
Registered in 0.006176 seconds.
Begin MonoManager ReloadAssembly
Native extension for WindowsStandalone target not found
Native extension for WebGL target not found
Refreshing native plugins compatible for Editor in 0.55 ms, found 3 plugins.
Preloading 0 native plugins for Editor in 0.00 ms.
Mono: successfully reloaded assembly
- Completed reload, in  1.461 seconds
Platform modules already initialized, skipping
Refreshing native plugins compatible for Editor in 0.61 ms, found 3 plugins.
Preloading 0 native plugins for Editor in 0.00 ms.
Unloading 2354 Unused Serialized files (Serialized files now loaded: 0)
System memory in use before: 114.3 MB.
System memory in use after: 114.2 MB.

Unloading 19 unused Assets to reduce memory usage. Loaded Objects now: 2851.
Total: 3.212200 ms (FindLiveObjects: 0.317500 ms CreateObjectMapping: 0.119800 ms MarkObjects: 2.412800 ms  DeleteObjects: 0.361300 ms)

========================================================================
Received Prepare
Registering precompiled user dll's ...
Registered in 0.009902 seconds.
Begin MonoManager ReloadAssembly
Native extension for WindowsStandalone target not found
Native extension for WebGL target not found
Refreshing native plugins compatible for Editor in 1.11 ms, found 3 plugins.
Preloading 0 native plugins for Editor in 0.00 ms.
Mono: successfully reloaded assembly
- Completed reload, in  1.683 seconds
Platform modules already initialized, skipping
Refreshing native plugins compatible for Editor in 0.62 ms, found 3 plugins.
Preloading 0 native plugins for Editor in 0.00 ms.
Unloading 2354 Unused Serialized files (Serialized files now loaded: 0)
System memory in use before: 114.3 MB.
System memory in use after: 114.2 MB.

Unloading 19 unused Assets to reduce memory usage. Loaded Objects now: 2854.
Total: 5.607700 ms (FindLiveObjects: 0.617500 ms CreateObjectMapping: 0.349800 ms MarkObjects: 4.084600 ms  DeleteObjects: 0.553900 ms)

========================================================================
Received Import Request.
  Time since last request: 87.219776 seconds.
  path: Assets/Levels/Level 1.unity
  artifactKey: Guid(2cda990e2423bbf4892e6590ba056729) Importer(815301076,1909f56bfc062723c751e8b465ee728b)
Start importing Assets/Levels/Level 1.unity using Guid(2cda990e2423bbf4892e6590ba056729) Importer(815301076,1909f56bfc062723c751e8b465ee728b)  -> (artifact id: 'b69277b0529cf053766221ce49a4f586') in 0.021898 seconds
  Import took 0.028001 seconds .

========================================================================
Received Import Request.
  Time since last request: 14.513587 seconds.
  path: Assets/Levels/Level 2.unity
  artifactKey: Guid(9e7be82561c37954ca8132c2a9382ec4) Importer(815301076,1909f56bfc062723c751e8b465ee728b)
Start importing Assets/Levels/Level 2.unity using Guid(9e7be82561c37954ca8132c2a9382ec4) Importer(815301076,1909f56bfc062723c751e8b465ee728b)  -> (artifact id: '0a0e1a16964c46fb16b0218422c158e0') in 0.004456 seconds
  Import took 0.011698 seconds .

========================================================================
Received Import Request.
  Time since last request: 72.035506 seconds.
  path: Assets/Animations/Player.controller
  artifactKey: Guid(caaa34351d91c8842bf8b2bd0ad46b41) Importer(815301076,1909f56bfc062723c751e8b465ee728b)
Start importing Assets/Animations/Player.controller using Guid(caaa34351d91c8842bf8b2bd0ad46b41) Importer(815301076,1909f56bfc062723c751e8b465ee728b)  -> (artifact id: 'c74717e86624510db58feda7c597c22a') in 0.071161 seconds
  Import took 0.078143 seconds .

========================================================================
Received Prepare
Registering precompiled user dll's ...
Registered in 0.006345 seconds.
Begin MonoManager ReloadAssembly
Native extension for WindowsStandalone target not found
Native extension for WebGL target not found
Refreshing native plugins compatible for Editor in 0.84 ms, found 3 plugins.
Preloading 0 native plugins for Editor in 0.00 ms.
Mono: successfully reloaded assembly
- Completed reload, in  1.639 seconds
Platform modules already initialized, skipping
Refreshing native plugins compatible for Editor in 0.87 ms, found 3 plugins.
Preloading 0 native plugins for Editor in 0.00 ms.
Unloading 2354 Unused Serialized files (Serialized files now loaded: 0)
System memory in use before: 114.3 MB.
System memory in use after: 114.2 MB.

Unloading 19 unused Assets to reduce memory usage. Loaded Objects now: 2857.
Total: 3.555900 ms (FindLiveObjects: 0.312000 ms CreateObjectMapping: 0.116500 ms MarkObjects: 2.702400 ms  DeleteObjects: 0.423800 ms)

========================================================================
Received Import Request.
  Time since last request: 114.614843 seconds.
  path: Assets/Levels/Main Menu.unity
  artifactKey: Guid(49722610d45e03544a86e2c61a3cc558) Importer(815301076,1909f56bfc062723c751e8b465ee728b)
Start importing Assets/Levels/Main Menu.unity using Guid(49722610d45e03544a86e2c61a3cc558) Importer(815301076,1909f56bfc062723c751e8b465ee728b)  -> (artifact id: 'ff638d7644a9ea315c2fa04c89fa4c7d') in 0.026633 seconds
  Import took 0.032912 seconds .

========================================================================
Received Import Request.
  Time since last request: 3.025521 seconds.
  path: Assets/Levels/Win Screen.unity
  artifactKey: Guid(33ec30434a84fd74b89075d73f2510c6) Importer(815301076,1909f56bfc062723c751e8b465ee728b)
Start importing Assets/Levels/Win Screen.unity using Guid(33ec30434a84fd74b89075d73f2510c6) Importer(815301076,1909f56bfc062723c751e8b465ee728b)  -> (artifact id: '8e940d9545bb1983259c2c5fa21318ca') in 0.004459 seconds
  Import took 0.012081 seconds .

========================================================================
Received Import Request.
  Time since last request: 0.001148 seconds.
  path: Assets/Levels/Win Screen.unity
  artifactKey: Guid(33ec30434a84fd74b89075d73f2510c6) Importer(815301076,1909f56bfc062723c751e8b465ee728b)
Start importing Assets/Levels/Win Screen.unity using Guid(33ec30434a84fd74b89075d73f2510c6) Importer(815301076,1909f56bfc062723c751e8b465ee728b)  -> (artifact id: '8e940d9545bb1983259c2c5fa21318ca') in 0.005236 seconds
  Import took 0.011603 seconds .

========================================================================
Received Import Request.
  Time since last request: 41.835396 seconds.
  path: Assets/Standard Assets/Fonts/OpenSans/OpenSansBold.ttf
  artifactKey: Guid(87c316b602156405d92e616621658222) Importer(815301076,1909f56bfc062723c751e8b465ee728b)
Start importing Assets/Standard Assets/Fonts/OpenSans/OpenSansBold.ttf using Guid(87c316b602156405d92e616621658222) Importer(815301076,1909f56bfc062723c751e8b465ee728b)  -> (artifact id: '09be30b4781de1d65ecc0d3e385c1348') in 0.266446 seconds
  Import took 0.272760 seconds .

========================================================================
Received Import Request.
  Time since last request: 0.000309 seconds.
  path: Assets/Standard Assets/Fonts/Unipix.ttf
  artifactKey: Guid(1f16052dfd5f6f54e94e97ecedd4c86b) Importer(815301076,1909f56bfc062723c751e8b465ee728b)
Start importing Assets/Standard Assets/Fonts/Unipix.ttf using Guid(1f16052dfd5f6f54e94e97ecedd4c86b) Importer(815301076,1909f56bfc062723c751e8b465ee728b)  -> (artifact id: '62f767c1b214c1c1ac394f18ba1487ce') in 0.023078 seconds
  Import took 0.028906 seconds .

========================================================================
Received Import Request.
  Time since last request: 0.000343 seconds.
  path: Assets/Standard Assets/Fonts/OpenSans/OpenSansRegular.ttf
  artifactKey: Guid(b51a3e520f9164da198dc59c8acfccd6) Importer(815301076,1909f56bfc062723c751e8b465ee728b)
Start importing Assets/Standard Assets/Fonts/OpenSans/OpenSansRegular.ttf using Guid(b51a3e520f9164da198dc59c8acfccd6) Importer(815301076,1909f56bfc062723c751e8b465ee728b)  -> (artifact id: 'c6f8fccbdc827a0331c4d9f0add72afa') in 0.028230 seconds
  Import took 0.032964 seconds .

========================================================================
Received Import Request.
  Time since last request: 0.000391 seconds.
  path: Assets/Standard Assets/Fonts/OpenSans/OpenSansSemibold.ttf
  artifactKey: Guid(01cd679a1b9ee48bf9c546f6ce2cb97e) Importer(815301076,1909f56bfc062723c751e8b465ee728b)
Start importing Assets/Standard Assets/Fonts/OpenSans/OpenSansSemibold.ttf using Guid(01cd679a1b9ee48bf9c546f6ce2cb97e) Importer(815301076,1909f56bfc062723c751e8b465ee728b)  -> (artifact id: '5b682c2b56f1236f08f567f4d0d7314a') in 0.031438 seconds
  Import took 0.037599 seconds .

========================================================================
Received Import Request.
  Time since last request: 0.000358 seconds.
  path: Assets/Standard Assets/Fonts/OpenSans/OpenSansBold.ttf
  artifactKey: Guid(87c316b602156405d92e616621658222) Importer(815301076,1909f56bfc062723c751e8b465ee728b)
Start importing Assets/Standard Assets/Fonts/OpenSans/OpenSansBold.ttf using Guid(87c316b602156405d92e616621658222) Importer(815301076,1909f56bfc062723c751e8b465ee728b)  -> (artifact id: '09be30b4781de1d65ecc0d3e385c1348') in 0.017982 seconds
  Import took 0.023848 seconds .

========================================================================
Received Import Request.
  Time since last request: 0.000409 seconds.
  path: Assets/Standard Assets/Fonts/OpenSans/OpenSansLight.ttf
  artifactKey: Guid(04a842e316b6f44bf8da702de26a8ed6) Importer(815301076,1909f56bfc062723c751e8b465ee728b)
Start importing Assets/Standard Assets/Fonts/OpenSans/OpenSansLight.ttf using Guid(04a842e316b6f44bf8da702de26a8ed6) Importer(815301076,1909f56bfc062723c751e8b465ee728b)  -> (artifact id: '6f78a8d534995e345a2298a30bb7ab54') in 0.028449 seconds
  Import took 0.034512 seconds .

AssetImportWorkerClient::OnTransportError - code=2 error=End of file
